0 info it worked if it ends with ok
1 verbose cli [ 'D:\\nodejs\\\\node.exe',
1 verbose cli   'D:\\nodejs\\node_modules\\npm\\bin\\npm-cli.js',
1 verbose cli   'install',
1 verbose cli   '-g',
1 verbose cli   'google-code-prettify' ]
2 info using npm@1.4.3
3 info using node@v0.10.26
4 verbose node symlink D:\nodejs\\node.exe
5 verbose cache add [ 'google-code-prettify', null ]
6 verbose cache add name=undefined spec="google-code-prettify" args=["google-code-prettify",null]
7 verbose parsed url { protocol: null,
7 verbose parsed url   slashes: null,
7 verbose parsed url   auth: null,
7 verbose parsed url   host: null,
7 verbose parsed url   port: null,
7 verbose parsed url   hostname: null,
7 verbose parsed url   hash: null,
7 verbose parsed url   search: null,
7 verbose parsed url   query: null,
7 verbose parsed url   pathname: 'google-code-prettify',
7 verbose parsed url   path: 'google-code-prettify',
7 verbose parsed url   href: 'google-code-prettify' }
8 silly lockFile 76ce6e14-google-code-prettify google-code-prettify
9 verbose lock google-code-prettify C:\Users\Simey\AppData\Roaming\npm-cache\76ce6e14-google-code-prettify.lock
10 silly lockFile 76ce6e14-google-code-prettify google-code-prettify
11 silly lockFile 76ce6e14-google-code-prettify google-code-prettify
12 verbose addNamed [ 'google-code-prettify', '' ]
13 verbose addNamed [ null, '*' ]
14 silly lockFile b41a8d64-google-code-prettify google-code-prettify@
15 verbose lock google-code-prettify@ C:\Users\Simey\AppData\Roaming\npm-cache\b41a8d64-google-code-prettify.lock
16 silly addNameRange { name: 'google-code-prettify', range: '*', hasData: false }
17 verbose url raw google-code-prettify
18 verbose url resolving [ 'https://registry.npmjs.org/', './google-code-prettify' ]
19 verbose url resolved https://registry.npmjs.org/google-code-prettify
20 info trying registry request attempt 1 at 00:33:12
21 http GET https://registry.npmjs.org/google-code-prettify
22 http 404 https://registry.npmjs.org/google-code-prettify
23 silly registry.get cb [ 404,
23 silly registry.get   { date: 'Sat, 12 Apr 2014 23:33:13 GMT',
23 silly registry.get     server: 'CouchDB/1.5.0 (Erlang OTP/R14B04)',
23 silly registry.get     'content-type': 'application/json',
23 silly registry.get     via: '1.1 varnish',
23 silly registry.get     'cache-control': 'max-age=0',
23 silly registry.get     'content-length': '52',
23 silly registry.get     'accept-ranges': 'bytes',
23 silly registry.get     age: '0',
23 silly registry.get     'x-served-by': 'cache-v37-ASH, cache-lcy1122-LCY',
23 silly registry.get     'x-cache': 'MISS, MISS',
23 silly registry.get     'x-cache-hits': '0, 0',
23 silly registry.get     'x-timer': 'S1397345593.786544085,VS0,VS45,VE140,VE177',
23 silly registry.get     'keep-alive': 'timeout=10, max=50',
23 silly registry.get     connection: 'Keep-Alive' } ]
24 silly lockFile b41a8d64-google-code-prettify google-code-prettify@
25 silly lockFile b41a8d64-google-code-prettify google-code-prettify@
26 error 404 'google-code-prettify' is not in the npm registry.
26 error 404 You should bug the author to publish it
26 error 404
26 error 404 Note that you can also install from a
26 error 404 tarball, folder, or http url, or git url.
27 error System Windows_NT 6.1.7601
28 error command "D:\\nodejs\\\\node.exe" "D:\\nodejs\\node_modules\\npm\\bin\\npm-cli.js" "install" "-g" "google-code-prettify"
29 error cwd D:\Wamp\www\GitHub\simey.me
30 error node -v v0.10.26
31 error npm -v 1.4.3
32 error code E404
33 verbose exit [ 1, true ]
